Flow report for receiver
Thu Nov 30 14:54:51 2017
Quartus II Version 9.1 Build 222 10/21/2009 SJ Web Edition


---------------------
; Table of Contents ;
---------------------
  1. Legal Notice
  2. Flow Summary
  3. Flow Settings
  4. Flow Non-Default Global Settings
  5. Flow Elapsed Time
  6. Flow OS Summary
  7. Flow Log



----------------
; Legal Notice ;
----------------
Copyright (C) 1991-2009 Altera Corporation
Your use of Altera Corporation's design tools, logic functions 
and other software and tools, and its AMPP partner logic 
functions, and any output files from any of the foregoing 
(including device programming or simulation files), and any 
associated documentation or information are expressly subject 
to the terms and conditions of the Altera Program License 
Subscription Agreement, Altera MegaCore Function License 
Agreement, or other applicable license agreement, including, 
without limitation, that your use is for the sole purpose of 
programming logic devices manufactured by Altera and sold by 
Altera or its authorized distributors.  Please refer to the 
applicable agreement for further details.



+-------------------------------------------------------------------+
; Flow Summary                                                      ;
+-------------------------+-----------------------------------------+
; Flow Status             ; Successful - Thu Nov 30 14:54:51 2017   ;
; Quartus II Version      ; 9.1 Build 222 10/21/2009 SJ Web Edition ;
; Revision Name           ; receiver                                ;
; Top-level Entity Name   ; receiver                                ;
; Family                  ; MAX7000S                                ;
; Device                  ; EPM7064SLC44-10                         ;
; Timing Models           ; Final                                   ;
; Met timing requirements ; Yes                                     ;
; Total macrocells        ; 37 / 64 ( 58 % )                        ;
; Total pins              ; 15 / 36 ( 42 % )                        ;
+-------------------------+-----------------------------------------+


+-----------------------------------------+
; Flow Settings                           ;
+-------------------+---------------------+
; Option            ; Setting             ;
+-------------------+---------------------+
; Start date & time ; 11/30/2017 14:54:48 ;
; Main task         ; Compilation         ;
; Revision Name     ; receiver            ;
+-------------------+---------------------+


+--------------------------------------------------------------------------------------------------------------------------------------+
; Flow Non-Default Global Settings                                                                                                     ;
+------------------------------------+--------------------------------------------------+---------------+-------------+----------------+
; Assignment Name                    ; Value                                            ; Default Value ; Entity Name ; Section Id     ;
+------------------------------------+--------------------------------------------------+---------------+-------------+----------------+
; COMPILER_SIGNATURE_ID              ; 26830024385709.151207168705472                   ; --            ; --          ; --             ;
; EXTRACT_VERILOG_STATE_MACHINES     ; Off                                              ; On            ; --          ; --             ;
; MAX_CORE_JUNCTION_TEMP             ; 85                                               ; --            ; --          ; --             ;
; MIN_CORE_JUNCTION_TEMP             ; 0                                                ; --            ; --          ; --             ;
; MISC_FILE                          ; C:/Users/rplagasse/Desktop/receiver/receiver.dpf ; --            ; --          ; --             ;
; RTLV_GROUP_COMB_LOGIC_IN_CLOUD     ; On                                               ; Off           ; --          ; --             ;
; SYNTH_TIMING_DRIVEN_SYNTHESIS      ; Off                                              ; --            ; --          ; --             ;
; USE_GENERATED_PHYSICAL_CONSTRAINTS ; Off                                              ; --            ; --          ; eda_blast_fpga ;
+------------------------------------+--------------------------------------------------+---------------+-------------+----------------+


+-----------------------------------------------------------------------------------------------------------------------------+
; Flow Elapsed Time                                                                                                           ;
+-------------------------+--------------+-------------------------+---------------------+------------------------------------+
; Module Name             ; Elapsed Time ; Average Processors Used ; Peak Virtual Memory ; Total CPU Time (on all processors) ;
+-------------------------+--------------+-------------------------+---------------------+------------------------------------+
; Analysis & Synthesis    ; 00:00:01     ; 1.0                     ; 235 MB              ; 00:00:01                           ;
; Fitter                  ; 00:00:00     ; 1.0                     ; 195 MB              ; 00:00:00                           ;
; Assembler               ; 00:00:00     ; 1.0                     ; 200 MB              ; 00:00:00                           ;
; Classic Timing Analyzer ; 00:00:00     ; 1.0                     ; 171 MB              ; 00:00:00                           ;
; Total                   ; 00:00:01     ; --                      ; --                  ; 00:00:01                           ;
+-------------------------+--------------+-------------------------+---------------------+------------------------------------+


+------------------------------------------------------------------------------------------+
; Flow OS Summary                                                                          ;
+-------------------------+------------------+---------------+------------+----------------+
; Module Name             ; Machine Hostname ; OS Name       ; OS Version ; Processor type ;
+-------------------------+------------------+---------------+------------+----------------+
; Analysis & Synthesis    ; ECS-ECELAB03     ; Windows Vista ; 6.2        ; x86_64         ;
; Fitter                  ; ECS-ECELAB03     ; Windows Vista ; 6.2        ; x86_64         ;
; Assembler               ; ECS-ECELAB03     ; Windows Vista ; 6.2        ; x86_64         ;
; Classic Timing Analyzer ; ECS-ECELAB03     ; Windows Vista ; 6.2        ; x86_64         ;
+-------------------------+------------------+---------------+------------+----------------+


------------
; Flow Log ;
------------
quartus_map --read_settings_files=on --write_settings_files=off receiver -c receiver
quartus_fit --read_settings_files=off --write_settings_files=off receiver -c receiver
quartus_asm --read_settings_files=off --write_settings_files=off receiver -c receiver
quartus_tan --read_settings_files=off --write_settings_files=off receiver -c receiver



