Analysis & Synthesis report for receiver
Thu Nov 30 20:41:13 2017
Quartus II Version 9.1 Build 222 10/21/2009 SJ Web Edition


---------------------
; Table of Contents ;
---------------------
  1. Legal Notice
  2. Analysis & Synthesis Summary
  3. Analysis & Synthesis Settings
  4. Parallel Compilation
  5. Analysis & Synthesis Source Files Read
  6. Analysis & Synthesis Resource Usage Summary
  7. Analysis & Synthesis Resource Utilization by Entity
  8. Source assignments for timer:t|lpm_counter:count_rtl_0
  9. Parameter Settings for User Entity Instance: bit_state:bis
 10. Parameter Settings for User Entity Instance: byte_state:bys
 11. Parameter Settings for Inferred Entity Instance: timer:t|lpm_counter:count_rtl_0
 12. Analysis & Synthesis Messages



----------------
; Legal Notice ;
----------------
Copyright (C) 1991-2009 Altera Corporation
Your use of Altera Corporation's design tools, logic functions 
and other software and tools, and its AMPP partner logic 
functions, and any output files from any of the foregoing 
(including device programming or simulation files), and any 
associated documentation or information are expressly subject 
to the terms and conditions of the Altera Program License 
Subscription Agreement, Altera MegaCore Function License 
Agreement, or other applicable license agreement, including, 
without limitation, that your use is for the sole purpose of 
programming logic devices manufactured by Altera and sold by 
Altera or its authorized distributors.  Please refer to the 
applicable agreement for further details.



+-----------------------------------------------------------------------+
; Analysis & Synthesis Summary                                          ;
+-----------------------------+-----------------------------------------+
; Analysis & Synthesis Status ; Successful - Thu Nov 30 20:41:13 2017   ;
; Quartus II Version          ; 9.1 Build 222 10/21/2009 SJ Web Edition ;
; Revision Name               ; receiver                                ;
; Top-level Entity Name       ; receiver                                ;
; Family                      ; MAX7000S                                ;
; Total macrocells            ; 36                                      ;
; Total pins                  ; 11                                      ;
+-----------------------------+-----------------------------------------+


+--------------------------------------------------------------------------------------------------------------+
; Analysis & Synthesis Settings                                                                                ;
+----------------------------------------------------------------------------+-----------------+---------------+
; Option                                                                     ; Setting         ; Default Value ;
+----------------------------------------------------------------------------+-----------------+---------------+
; Device                                                                     ; EPM7064SLC44-10 ;               ;
; Top-level entity name                                                      ; receiver        ; receiver      ;
; Family name                                                                ; MAX7000S        ; Stratix II    ;
; Use Generated Physical Constraints File                                    ; Off             ;               ;
; Use smart compilation                                                      ; Off             ; Off           ;
; Enable parallel Assembler and TimeQuest Timing Analyzer during compilation ; On              ; On            ;
; Enable compact report table                                                ; Off             ; Off           ;
; Create Debugging Nodes for IP Cores                                        ; Off             ; Off           ;
; Preserve fewer node names                                                  ; On              ; On            ;
; Disable OpenCore Plus hardware evaluation                                  ; Off             ; Off           ;
; Verilog Version                                                            ; Verilog_2001    ; Verilog_2001  ;
; VHDL Version                                                               ; VHDL_1993       ; VHDL_1993     ;
; State Machine Processing                                                   ; Auto            ; Auto          ;
; Safe State Machine                                                         ; Off             ; Off           ;
; Extract Verilog State Machines                                             ; On              ; On            ;
; Extract VHDL State Machines                                                ; On              ; On            ;
; Ignore Verilog initial constructs                                          ; Off             ; Off           ;
; Iteration limit for constant Verilog loops                                 ; 5000            ; 5000          ;
; Iteration limit for non-constant Verilog loops                             ; 250             ; 250           ;
; Add Pass-Through Logic to Inferred RAMs                                    ; On              ; On            ;
; Parallel Synthesis                                                         ; On              ; On            ;
; NOT Gate Push-Back                                                         ; On              ; On            ;
; Power-Up Don't Care                                                        ; On              ; On            ;
; Remove Duplicate Registers                                                 ; On              ; On            ;
; Ignore CARRY Buffers                                                       ; Off             ; Off           ;
; Ignore CASCADE Buffers                                                     ; Off             ; Off           ;
; Ignore GLOBAL Buffers                                                      ; Off             ; Off           ;
; Ignore ROW GLOBAL Buffers                                                  ; Off             ; Off           ;
; Ignore LCELL Buffers                                                       ; Auto            ; Auto          ;
; Ignore SOFT Buffers                                                        ; Off             ; Off           ;
; Limit AHDL Integers to 32 Bits                                             ; Off             ; Off           ;
; Optimization Technique                                                     ; Speed           ; Speed         ;
; Allow XOR Gate Usage                                                       ; On              ; On            ;
; Auto Logic Cell Insertion                                                  ; On              ; On            ;
; Parallel Expander Chain Length                                             ; 4               ; 4             ;
; Auto Parallel Expanders                                                    ; On              ; On            ;
; Auto Open-Drain Pins                                                       ; On              ; On            ;
; Auto Resource Sharing                                                      ; Off             ; Off           ;
; Maximum Fan-in Per Macrocell                                               ; 100             ; 100           ;
; Use LogicLock Constraints during Resource Balancing                        ; On              ; On            ;
; Ignore translate_off and synthesis_off directives                          ; Off             ; Off           ;
; Show Parameter Settings Tables in Synthesis Report                         ; On              ; On            ;
; HDL message level                                                          ; Level2          ; Level2        ;
; Suppress Register Optimization Related Messages                            ; Off             ; Off           ;
; Number of Removed Registers Reported in Synthesis Report                   ; 100             ; 100           ;
; Number of Inverted Registers Reported in Synthesis Report                  ; 100             ; 100           ;
; Block Design Naming                                                        ; Auto            ; Auto          ;
; Synthesis Effort                                                           ; Auto            ; Auto          ;
; Shift Register Replacement - Allow Asynchronous Clear Signal               ; On              ; On            ;
; Analysis & Synthesis Message Level                                         ; Medium          ; Medium        ;
; Disable Register Merging Across Hierarchies                                ; Auto            ; Auto          ;
+----------------------------------------------------------------------------+-----------------+---------------+


Parallel compilation was disabled, but you have multiple processors available. Enable parallel compilation to reduce compilation time.
+-------------------------------------+
; Parallel Compilation                ;
+----------------------------+--------+
; Processors                 ; Number ;
+----------------------------+--------+
; Number detected on machine ; 4      ;
; Maximum allowed            ; 1      ;
+----------------------------+--------+


+----------------------------------------------------------------------------------------------------------------------------------------------------------------------+
; Analysis & Synthesis Source Files Read                                                                                                                               ;
+----------------------------------+-----------------+------------------------+----------------------------------------------------------------------------------------+
; File Name with User-Entered Path ; Used in Netlist ; File Type              ; File Name with Absolute Path                                                           ;
+----------------------------------+-----------------+------------------------+----------------------------------------------------------------------------------------+
; receiver.v                       ; yes             ; User Verilog HDL File  ; C:/Users/pjaswal/Desktop/midi-receiver-master/midi-receiver-master/receiver/receiver.v ;
; lpm_counter.tdf                  ; yes             ; Megafunction           ; c:/altera/91/quartus/libraries/megafunctions/lpm_counter.tdf                           ;
+----------------------------------+-----------------+------------------------+----------------------------------------------------------------------------------------+


+---------------------------------------------+
; Analysis & Synthesis Resource Usage Summary ;
+----------------------+----------------------+
; Resource             ; Usage                ;
+----------------------+----------------------+
; Logic cells          ; 36                   ;
; Total registers      ; 27                   ;
; I/O pins             ; 11                   ;
; Shareable expanders  ; 2                    ;
; Maximum fan-out node ; RESET                ;
; Maximum fan-out      ; 18                   ;
; Total fan-out        ; 154                  ;
; Average fan-out      ; 3.14                 ;
+----------------------+----------------------+


+----------------------------------------------------------------------------------------------------------------+
; Analysis & Synthesis Resource Utilization by Entity                                                            ;
+---------------------------------+------------+------+-------------------------------------------+--------------+
; Compilation Hierarchy Node      ; Macrocells ; Pins ; Full Hierarchy Name                       ; Library Name ;
+---------------------------------+------------+------+-------------------------------------------+--------------+
; |receiver                       ; 36         ; 11   ; |receiver                                 ; work         ;
;    |bit_state:bis|              ; 5          ; 0    ; |receiver|bit_state:bis                   ; work         ;
;    |byte_state:bys|             ; 3          ; 0    ; |receiver|byte_state:bys                  ; work         ;
;    |msg_state:ms|               ; 1          ; 0    ; |receiver|msg_state:ms                    ; work         ;
;    |timer:t|                    ; 9          ; 0    ; |receiver|timer:t                         ; work         ;
;       |lpm_counter:count_rtl_0| ; 7          ; 0    ; |receiver|timer:t|lpm_counter:count_rtl_0 ; work         ;
+---------------------------------+------------+------+-------------------------------------------+--------------+


+--------------------------------------------------------+
; Source assignments for timer:t|lpm_counter:count_rtl_0 ;
+---------------------------+-------+------+-------------+
; Assignment                ; Value ; From ; To          ;
+---------------------------+-------+------+-------------+
; SUPPRESS_DA_RULE_INTERNAL ; a101  ; -    ; -           ;
; SUPPRESS_DA_RULE_INTERNAL ; s102  ; -    ; -           ;
; SUPPRESS_DA_RULE_INTERNAL ; s103  ; -    ; -           ;
+---------------------------+-------+------+-------------+


+------------------------------------------------------------+
; Parameter Settings for User Entity Instance: bit_state:bis ;
+----------------+-------+-----------------------------------+
; Parameter Name ; Value ; Type                              ;
+----------------+-------+-----------------------------------+
; overflow       ; 01001 ; Unsigned Binary                   ;
+----------------+-------+-----------------------------------+
Note: In order to hide this table in the UI and the text report file, please set the "Show Parameter Settings Tables in Synthesis Report" option in "Analysis and Synthesis Settings -> More Settings" to "Off".


+-------------------------------------------------------------+
; Parameter Settings for User Entity Instance: byte_state:bys ;
+----------------+-------+------------------------------------+
; Parameter Name ; Value ; Type                               ;
+----------------+-------+------------------------------------+
; overflow       ; 10    ; Unsigned Binary                    ;
+----------------+-------+------------------------------------+
Note: In order to hide this table in the UI and the text report file, please set the "Show Parameter Settings Tables in Synthesis Report" option in "Analysis and Synthesis Settings -> More Settings" to "Off".


+----------------------------------------------------------------------------------+
; Parameter Settings for Inferred Entity Instance: timer:t|lpm_counter:count_rtl_0 ;
+------------------------+-------------------+-------------------------------------+
; Parameter Name         ; Value             ; Type                                ;
+------------------------+-------------------+-------------------------------------+
; AUTO_CARRY_CHAINS      ; ON                ; AUTO_CARRY                          ;
; IGNORE_CARRY_BUFFERS   ; OFF               ; IGNORE_CARRY                        ;
; AUTO_CASCADE_CHAINS    ; ON                ; AUTO_CASCADE                        ;
; IGNORE_CASCADE_BUFFERS ; OFF               ; IGNORE_CASCADE                      ;
; LPM_WIDTH              ; 7                 ; Untyped                             ;
; LPM_DIRECTION          ; UP                ; Untyped                             ;
; LPM_MODULUS            ; 0                 ; Untyped                             ;
; LPM_AVALUE             ; UNUSED            ; Untyped                             ;
; LPM_SVALUE             ; UNUSED            ; Untyped                             ;
; LPM_PORT_UPDOWN        ; PORT_CONNECTIVITY ; Untyped                             ;
; DEVICE_FAMILY          ; MAX7000S          ; Untyped                             ;
; CARRY_CHAIN            ; MANUAL            ; Untyped                             ;
; CARRY_CHAIN_LENGTH     ; 48                ; CARRY_CHAIN_LENGTH                  ;
; NOT_GATE_PUSH_BACK     ; ON                ; NOT_GATE_PUSH_BACK                  ;
; CARRY_CNT_EN           ; SMART             ; Untyped                             ;
; LABWIDE_SCLR           ; ON                ; Untyped                             ;
; USE_NEW_VERSION        ; TRUE              ; Untyped                             ;
; CBXI_PARAMETER         ; NOTHING           ; Untyped                             ;
+------------------------+-------------------+-------------------------------------+
Note: In order to hide this table in the UI and the text report file, please set the "Show Parameter Settings Tables in Synthesis Report" option in "Analysis and Synthesis Settings -> More Settings" to "Off".


+-------------------------------+
; Analysis & Synthesis Messages ;
+-------------------------------+
Info: *******************************************************************
Info: Running Quartus II Analysis & Synthesis
    Info: Version 9.1 Build 222 10/21/2009 SJ Web Edition
    Info: Processing started: Thu Nov 30 20:41:12 2017
Info: Command: quartus_map --read_settings_files=on --write_settings_files=off receiver -c receiver
Info: Found 5 design units, including 5 entities, in source file receiver.v
    Info: Found entity 1: receiver
    Info: Found entity 2: timer
    Info: Found entity 3: bit_state
    Info: Found entity 4: byte_state
    Info: Found entity 5: msg_state
Info: Elaborating entity "receiver" for the top level hierarchy
Info: Elaborating entity "timer" for hierarchy "timer:t"
Info: Elaborating entity "bit_state" for hierarchy "bit_state:bis"
Info: Elaborating entity "byte_state" for hierarchy "byte_state:bys"
Info: Elaborating entity "msg_state" for hierarchy "msg_state:ms"
Info: Inferred 1 megafunctions from design logic
    Info: Inferred lpm_counter megafunction (LPM_WIDTH=7) from the following logic: "timer:t|count[0]~0"
Info: Elaborated megafunction instantiation "timer:t|lpm_counter:count_rtl_0"
Info: Instantiated megafunction "timer:t|lpm_counter:count_rtl_0" with the following parameter:
    Info: Parameter "LPM_WIDTH" = "7"
    Info: Parameter "LPM_DIRECTION" = "UP"
    Info: Parameter "LPM_TYPE" = "LPM_COUNTER"
Info: Promoted pin-driven signal(s) to global signal
    Info: Promoted clock signal driven by pin "CLK" to global clock signal
    Info: Promoted clear signal driven by pin "RESET" to global clear signal
Info: Implemented 49 device resources after synthesis - the final resource count might be different
    Info: Implemented 3 input pins
    Info: Implemented 8 output pins
    Info: Implemented 36 macrocells
    Info: Implemented 2 shareable expanders
Info: Quartus II Analysis & Synthesis was successful. 0 errors, 0 warnings
    Info: Peak virtual memory: 236 megabytes
    Info: Processing ended: Thu Nov 30 20:41:13 2017
    Info: Elapsed time: 00:00:01
    Info: Total CPU time (on all processors): 00:00:01


